<html>
<head>
<title>TestNG:  Gradle test</title>
<link href="../testng.css" rel="stylesheet" type="text/css" />
<link href="../my-testng.css" rel="stylesheet" type="text/css" />

<style type="text/css">
.log { display: none;} 
.stack-trace { display: none;} 
</style>
<script type="text/javascript">
<!--
function flip(e) {
  current = e.style.display;
  if (current == 'block') {
    e.style.display = 'none';
    return 0;
  }
  else {
    e.style.display = 'block';
    return 1;
  }
}

function toggleBox(szDivId, elem, msg1, msg2)
{
  var res = -1;  if (document.getElementById) {
    res = flip(document.getElementById(szDivId));
  }
  else if (document.all) {
    // this is the way old msie versions work
    res = flip(document.all[szDivId]);
  }
  if(elem) {
    if(res == 0) elem.innerHTML = msg1; else elem.innerHTML = msg2;
  }

}

function toggleAllBoxes() {
  if (document.getElementsByTagName) {
    d = document.getElementsByTagName('div');
    for (i = 0; i < d.length; i++) {
      if (d[i].className == 'log') {
        flip(d[i]);
      }
    }
  }
}

// -->
</script>

</head>
<body>
<h2 align='center'>Gradle test</h2><table border='1' align="center">
<tr>
<td>Tests passed/Failed/Skipped:</td><td>7/1/0</td>
</tr><tr>
<td>Started on:</td><td>Wed Nov 29 12:30:40 BDT 2023</td>
</tr>
<tr><td>Total time:</td><td>36 seconds (36655 ms)</td>
</tr><tr>
<td>Included groups:</td><td></td>
</tr><tr>
<td>Excluded groups:</td><td></td>
</tr>
</table><p/>
<small><i>(Hover the method name to see the test class name)</i></small><p/>
<table width='100%' border='1' class='invocation-failed'>
<tr><td colspan='4' align='center'><b>FAILED TESTS</b></td></tr>
<tr><td><b>Test method</b></td>
<td width="30%"><b>Exception</b></td>
<td width="10%"><b>Time (seconds)</b></td>
<td><b>Instance</b></td>
</tr>
<tr>
<td title='TestRunner.InitialAssessmentRunnerTest.runScenario()'><b>runScenario</b><br>Test class: TestRunner.InitialAssessmentRunnerTest<br>Test method: Runs Cucumber Scenarios<br>Parameters: "Add initial assessment", "Optional[Customer Complain]"</td>
<td><div><pre>org.openqa.selenium.NoSuchWindowException: no such window: target window already closed
from unknown error: web view not found
  (Session info: chrome=119.0.6045.161)
Build info: version: &apos;4.7.0&apos;, revision: &apos;0a5b49d16f&apos;
System info: os.name: &apos;Windows 10&apos;, os.arch: &apos;amd64&apos;, os.version: &apos;10.0&apos;, java.version: &apos;1.8.0_202&apos;
Driver info: org.openqa.selenium.chrome.ChromeDriver
Command: [e69c23e1c55a7ad29dec79060e479e88, findElement {using=link text, value=Initial Assesment}]
Capabilities {acceptInsecureCerts: false, browserName: chrome, browserVersion: 119.0.6045.161, chrome: {chromedriverVersion: 119.0.6045.105 (38c72552c5e..., userDataDir: C:\Windows\SystemTemp\scope...}, fedcm:accounts: true, goog:chromeOptions: {debuggerAddress: localhost:58256}, networkConnectionEnabled: false, pageLoadStrategy: normal, platformName: WINDOWS, proxy: Proxy(), se:cdp: ws://localhost:58256/devtoo..., se:cdpVersion: 119.0.6045.161, setWindowRect: true, strictFileInteractability: false, timeouts: {implicit: 0, pageLoad: 300000, script: 30000}, unhandledPromptBehavior: dismiss and notify, webauthn:extension:credBlob: true, webauthn:extension:largeBlob: true, webauthn:extension:minPinLength: true, webauthn:extension:prf: true, webauthn:virtualAuthenticators: true}
Session ID: e69c23e1c55a7ad29dec79060e479e88
	at org.openqa.selenium.remote.codec.w3c.W3CHttpResponseCodec.createException(W3CHttpResponseCodec.java:200)
	at org.openqa.selenium.remote.codec.w3c.W3CHttpResponseCodec.decode(W3CHttpResponseCodec.java:133)
	at org.openqa.selenium.remote.codec.w3c.W3CHttpResponseCodec.decode(W3CHttpResponseCodec.java:53)
	at org.openqa.selenium.remote.HttpCommandExecutor.execute(HttpCommandExecutor.java:184)
	at org.openqa.selenium.remote.service.DriverCommandExecutor.invokeExecute(DriverCommandExecutor.java:167)
	at org.openqa.selenium.remote.service.DriverCommandExecutor.execute(DriverCommandExecutor.java:142)
	at org.openqa.selenium.remote.RemoteWebDriver.execute(RemoteWebDriver.java:541)
	at org.openqa.selenium.remote.ElementLocation$ElementFinder$2.findElement(ElementLocation.java:162)
	at org.openqa.selenium.remote.ElementLocation.findElement(ElementLocation.java:60)
	at org.openqa.selenium.remote.RemoteWebDriver.findElement(RemoteWebDriver.java:365)
	at org.openqa.selenium.remote.RemoteWebDriver.findElement(RemoteWebDriver.java:357)
	at SearchPage.InitialAssessmentPage.clickInitialAssessment(InitialAssessmentPage.java:22)
	at EQMSStepDefinition.InitialAssessmentStepDefinition.selectInitialAssessment(InitialAssessmentStepDefinition.java:16)
	at ?.select initial assessment(file:///C:/Users/Rafi/Desktop/eQMS/WebAutomation/src/test/resources/Features/03_initialAssesment.feature:5)
... Removed 4 stack frames</pre></div><a href='#' onClick='toggleBox("stack-trace1087519874", this, "Click to show all stack frames", "Click to hide stack frames")'>Click to show all stack frames</a>
<div class='stack-trace' id='stack-trace1087519874'><pre>org.openqa.selenium.NoSuchWindowException: no such window: target window already closed
from unknown error: web view not found
  (Session info: chrome=119.0.6045.161)
Build info: version: &apos;4.7.0&apos;, revision: &apos;0a5b49d16f&apos;
System info: os.name: &apos;Windows 10&apos;, os.arch: &apos;amd64&apos;, os.version: &apos;10.0&apos;, java.version: &apos;1.8.0_202&apos;
Driver info: org.openqa.selenium.chrome.ChromeDriver
Command: [e69c23e1c55a7ad29dec79060e479e88, findElement {using=link text, value=Initial Assesment}]
Capabilities {acceptInsecureCerts: false, browserName: chrome, browserVersion: 119.0.6045.161, chrome: {chromedriverVersion: 119.0.6045.105 (38c72552c5e..., userDataDir: C:\Windows\SystemTemp\scope...}, fedcm:accounts: true, goog:chromeOptions: {debuggerAddress: localhost:58256}, networkConnectionEnabled: false, pageLoadStrategy: normal, platformName: WINDOWS, proxy: Proxy(), se:cdp: ws://localhost:58256/devtoo..., se:cdpVersion: 119.0.6045.161, setWindowRect: true, strictFileInteractability: false, timeouts: {implicit: 0, pageLoad: 300000, script: 30000}, unhandledPromptBehavior: dismiss and notify, webauthn:extension:credBlob: true, webauthn:extension:largeBlob: true, webauthn:extension:minPinLength: true, webauthn:extension:prf: true, webauthn:virtualAuthenticators: true}
Session ID: e69c23e1c55a7ad29dec79060e479e88
	at sun.reflect.NativeConstructorAccessorImpl.newInstance0(Native Method)
	at sun.reflect.NativeConstructorAccessorImpl.newInstance(NativeConstructorAccessorImpl.java:62)
	at sun.reflect.DelegatingConstructorAccessorImpl.newInstance(DelegatingConstructorAccessorImpl.java:45)
	at java.lang.reflect.Constructor.newInstance(Constructor.java:423)
	at org.openqa.selenium.remote.codec.w3c.W3CHttpResponseCodec.createException(W3CHttpResponseCodec.java:200)
	at org.openqa.selenium.remote.codec.w3c.W3CHttpResponseCodec.decode(W3CHttpResponseCodec.java:133)
	at org.openqa.selenium.remote.codec.w3c.W3CHttpResponseCodec.decode(W3CHttpResponseCodec.java:53)
	at org.openqa.selenium.remote.HttpCommandExecutor.execute(HttpCommandExecutor.java:184)
	at org.openqa.selenium.remote.service.DriverCommandExecutor.invokeExecute(DriverCommandExecutor.java:167)
	at org.openqa.selenium.remote.service.DriverCommandExecutor.execute(DriverCommandExecutor.java:142)
	at org.openqa.selenium.remote.RemoteWebDriver.execute(RemoteWebDriver.java:541)
	at org.openqa.selenium.remote.ElementLocation$ElementFinder$2.findElement(ElementLocation.java:162)
	at org.openqa.selenium.remote.ElementLocation.findElement(ElementLocation.java:60)
	at org.openqa.selenium.remote.RemoteWebDriver.findElement(RemoteWebDriver.java:365)
	at org.openqa.selenium.remote.RemoteWebDriver.findElement(RemoteWebDriver.java:357)
	at SearchPage.InitialAssessmentPage.clickInitialAssessment(InitialAssessmentPage.java:22)
	at EQMSStepDefinition.InitialAssessmentStepDefinition.selectInitialAssessment(InitialAssessmentStepDefinition.java:16)
	at ?.select initial assessment(file:///C:/Users/Rafi/Desktop/eQMS/WebAutomation/src/test/resources/Features/03_initialAssesment.feature:5)
</pre></div></td>
<td>2</td>
<td>TestRunner.InitialAssessmentRunnerTest@20ce78ec</td></tr>
</table><p>
<table width='100%' border='1' class='invocation-passed'>
<tr><td colspan='4' align='center'><b>PASSED TESTS</b></td></tr>
<tr><td><b>Test method</b></td>
<td width="30%"><b>Exception</b></td>
<td width="10%"><b>Time (seconds)</b></td>
<td><b>Instance</b></td>
</tr>
<tr>
<td title='TestRunner.AllRunnerTest.runScenario()'><b>runScenario</b><br>Test class: TestRunner.AllRunnerTest<br>Test method: Runs Cucumber Scenarios<br>Parameters: "Login with valid data", "Optional[EQMS Login]"</td>
<td></td>
<td>6</td>
<td>TestRunner.AllRunnerTest@1dde4cb2</td></tr>
<tr>
<td title='TestRunner.AllRunnerTest.runScenario()'><b>runScenario</b><br>Test class: TestRunner.AllRunnerTest<br>Test method: Runs Cucumber Scenarios<br>Parameters: "Add complain raise issue", "Optional[Customer Complain]"</td>
<td></td>
<td>7</td>
<td>TestRunner.AllRunnerTest@1dde4cb2</td></tr>
<tr>
<td title='TestRunner.AllRunnerTest.runScenario()'><b>runScenario</b><br>Test class: TestRunner.AllRunnerTest<br>Test method: Runs Cucumber Scenarios<br>Parameters: "Add initial assessment", "Optional[Customer Complain]"</td>
<td></td>
<td>4</td>
<td>TestRunner.AllRunnerTest@1dde4cb2</td></tr>
<tr>
<td title='TestRunner.ComplainRaiseRunnerTest.runScenario()'><b>runScenario</b><br>Test class: TestRunner.ComplainRaiseRunnerTest<br>Test method: Runs Cucumber Scenarios<br>Parameters: "Login with valid data", "Optional[EQMS Login]"</td>
<td></td>
<td>5</td>
<td>TestRunner.ComplainRaiseRunnerTest@7714e963</td></tr>
<tr>
<td title='TestRunner.ComplainRaiseRunnerTest.runScenario()'><b>runScenario</b><br>Test class: TestRunner.ComplainRaiseRunnerTest<br>Test method: Runs Cucumber Scenarios<br>Parameters: "Add complain raise issue", "Optional[Customer Complain]"</td>
<td></td>
<td>5</td>
<td>TestRunner.ComplainRaiseRunnerTest@7714e963</td></tr>
<tr>
<td title='TestRunner.InitialAssessmentRunnerTest.runScenario()'><b>runScenario</b><br>Test class: TestRunner.InitialAssessmentRunnerTest<br>Test method: Runs Cucumber Scenarios<br>Parameters: "Login with valid data", "Optional[EQMS Login]"</td>
<td></td>
<td>2</td>
<td>TestRunner.InitialAssessmentRunnerTest@20ce78ec</td></tr>
<tr>
<td title='TestRunner.LoginRunnerTest.runScenario()'><b>runScenario</b><br>Test class: TestRunner.LoginRunnerTest<br>Test method: Runs Cucumber Scenarios<br>Parameters: "Login with valid data", "Optional[EQMS Login]"</td>
<td></td>
<td>2</td>
<td>TestRunner.LoginRunnerTest@393671df</td></tr>
</table><p>
</body>
</html>